Extension "XFIG Input" failed to load because a dependency was not met.
Dependency:
  type: executable
  location: path
  string: fig2dev

Extension "Dia Input" failed to load because a dependency was not met.
Dependency:
  type: executable
  location: path
  string: dia
  description: In order to import Dia files, Dia itself must be installed.  You can get Dia at http://live.gnome.org/Dia

Extension "GIMP XCF" failed to load because a dependency was not met.
Dependency:
  type: executable
  location: path
  string: gimp

Extension "Sketch Input" failed to load because a dependency was not met.
Dependency:
  type: executable
  location: path
  string: skconvert

Extension "LaTeX formula" failed to load because a dependency was not met.
Dependency:
  type: executable
  location: path
  string: latex

Extension "LaTeX formula" failed to load because a dependency was not met.
Dependency:
  type: executable
  location: path
  string: dvips

